0 info it worked if it ends with ok
1 verbose cli [ '/usr/local/bin/node', '/usr/local/bin/npm', 'run', 'commit' ]
2 info using npm@4.1.2
3 info using node@v7.7.4
4 verbose run-script [ 'precommit', 'commit', 'postcommit' ]
5 info lifecycle jqljs@0.2.0~precommit: jqljs@0.2.0
6 silly lifecycle jqljs@0.2.0~precommit: no script for precommit, continuing
7 info lifecycle jqljs@0.2.0~commit: jqljs@0.2.0
8 verbose lifecycle jqljs@0.2.0~commit: unsafe-perm in lifecycle true
9 verbose lifecycle jqljs@0.2.0~commit: PATH: /usr/local/lib/node_modules/npm/bin/node-gyp-bin:/Users/rungsikorn/Repositories/JQLjs/node_modules/.bin:/usr/local/bin:/usr/bin:/bin:/usr/sbin:/sbin
10 verbose lifecycle jqljs@0.2.0~commit: CWD: /Users/rungsikorn/Repositories/JQLjs
11 silly lifecycle jqljs@0.2.0~commit: Args: [ '-c', 'git-cz' ]
12 silly lifecycle jqljs@0.2.0~commit: Returned: code: 1  signal: null
13 info lifecycle jqljs@0.2.0~commit: Failed to exec commit script
14 verbose stack Error: jqljs@0.2.0 commit: `git-cz`
14 verbose stack Exit status 1
14 verbose stack     at EventEmitter.<anonymous> (/usr/local/lib/node_modules/npm/lib/utils/lifecycle.js:279:16)
14 verbose stack     at emitTwo (events.js:106:13)
14 verbose stack     at EventEmitter.emit (events.js:194:7)
14 verbose stack     at ChildProcess.<anonymous> (/usr/local/lib/node_modules/npm/lib/utils/spawn.js:40:14)
14 verbose stack     at emitTwo (events.js:106:13)
14 verbose stack     at ChildProcess.emit (events.js:194:7)
14 verbose stack     at maybeClose (internal/child_process.js:899:16)
14 verbose stack     at Process.ChildProcess._handle.onexit (internal/child_process.js:226:5)
15 verbose pkgid jqljs@0.2.0
16 verbose cwd /Users/rungsikorn/Repositories/JQLjs
17 error Darwin 16.4.0
18 error argv "/usr/local/bin/node" "/usr/local/bin/npm" "run" "commit"
19 error node v7.7.4
20 error npm  v4.1.2
21 error code ELIFECYCLE
22 error jqljs@0.2.0 commit: `git-cz`
22 error Exit status 1
23 error Failed at the jqljs@0.2.0 commit script 'git-cz'.
23 error Make sure you have the latest version of node.js and npm installed.
23 error If you do, this is most likely a problem with the jqljs package,
23 error not with npm itself.
23 error Tell the author that this fails on your system:
23 error     git-cz
23 error You can get information on how to open an issue for this project with:
23 error     npm bugs jqljs
23 error Or if that isn't available, you can get their info via:
23 error     npm owner ls jqljs
23 error There is likely additional logging output above.
24 verbose exit [ 1, true ]
